<?xml version="1.0" encoding="UTF-8"?>
<!-- Generated by org.testng.reporters.JUnitReportReporter -->
<testsuite skipped="0" hostname="DESKTOP-CFFDHB1" name="TestClass.TestClassparabank" tests="3" failures="0" timestamp="28 Mar 2023 17:40:25 GMT" time="11.223" errors="0">
  <testcase name="launchbrowser" time="5.808" classname="TestClass.TestClassparabank"/>
  <testcase name="Register" time="5.332" classname="TestClass.TestClassparabank"/>
  <testcase name="HomepagePB" time="0.083" classname="TestClass.TestClassparabank"/>
</testsuite> <!-- TestClass.TestClassparabank -->
