<?xml version="1.0" encoding="UTF-8"?>
<!-- Generated by org.testng.reporters.JUnitReportReporter -->
<testsuite skipped="0" hostname="DESKTOP-CFFDHB1" name="TestClass.LoginparaBank" tests="1" failures="0" timestamp="2023-03-31T20:04:46 IST" time="2.899" errors="0">
  <testcase name="Loginpage" time="2.899" classname="TestClass.LoginparaBank"/>
  <system-out/>
</testsuite> <!-- TestClass.LoginparaBank -->
