<?xml version="1.0" encoding="UTF-8"?>
<!-- Generated by org.testng.reporters.JUnitReportReporter -->
<testsuite skipped="0" hostname="DESKTOP-CFFDHB1" name="TestClass.NewAccountTest" tests="1" failures="0" timestamp="2023-04-07T07:51:37 IST" time="4.499" errors="0">
  <testcase name="CreateNewSubAccount" time="4.499" classname="TestClass.NewAccountTest"/>
  <system-out/>
</testsuite> <!-- TestClass.NewAccountTest -->
